[ 2025-03-03 12:02:17,542 ] 18 root - INFO - Initiate the data ingestion
[ 2025-03-03 12:02:17,714 ] 96 pymongo.serverSelection - INFO - {"message": "Waiting for suitable server to become available", "selector": "Primary()", "operation": "find", "topologyDescription": "<TopologyDescription id: 67c5e0998ee13e33e6cdfed8, topology_type: ReplicaSetNoPrimary, servers: [<ServerDescription ('cluster0-shard-00-00.amg20.mongodb.net', 27017) server_type: Unknown, rtt: None>, <ServerDescription ('cluster0-shard-00-01.amg20.mongodb.net', 27017) server_type: Unknown, rtt: None>, <ServerDescription ('cluster0-shard-00-02.amg20.mongodb.net', 27017) server_type: Unknown, rtt: None>]>", "clientId": {"$oid": "67c5e0998ee13e33e6cdfed8"}, "remainingTimeMS": 30}
[ 2025-03-03 12:02:30,448 ] 65 root - INFO - Performed train test split on the dataframe
[ 2025-03-03 12:02:30,448 ] 67 root - INFO - Exited split_data_as_train_test method of Data_Ingestion class
[ 2025-03-03 12:02:30,448 ] 75 root - INFO - Exporting train and test file path.
[ 2025-03-03 12:02:30,542 ] 84 root - INFO - Exported train and test file path.
[ 2025-03-03 12:02:30,542 ] 20 root - INFO - Data Initiation Completed
[ 2025-03-03 12:02:30,578 ] 24 root - INFO - Initiate the data Validation
[ 2025-03-03 12:02:30,641 ] 32 root - INFO - Required number of columns:2
[ 2025-03-03 12:02:30,641 ] 33 root - INFO - Data frame has columns:31
[ 2025-03-03 12:02:30,641 ] 32 root - INFO - Required number of columns:2
[ 2025-03-03 12:02:30,641 ] 33 root - INFO - Data frame has columns:31
[ 2025-03-03 12:02:30,869 ] 26 root - INFO - data Validation Completed
[ 2025-03-03 12:02:30,869 ] 29 root - INFO - data Transformation started
[ 2025-03-03 12:02:30,869 ] 63 root - INFO - Entered initiate_data_transformation method of DataTransformation class
[ 2025-03-03 12:02:30,869 ] 65 root - INFO - Starting data transformation
[ 2025-03-03 12:02:30,919 ] 48 root - INFO - Entered get_data_trnasformer_object method of Trnasformation class
[ 2025-03-03 12:02:30,919 ] 53 root - INFO - Initialise KNNImputer with {'missing_values': nan, 'n_neighbors': 3, 'weights': 'uniform'}
[ 2025-03-03 12:02:30,934 ] 46 root - INFO - Entered the save_object method of MainUtils class
[ 2025-03-03 12:02:30,952 ] 50 root - INFO - Exited the save_object method of MainUtils class
[ 2025-03-03 12:02:30,952 ] 46 root - INFO - Entered the save_object method of MainUtils class
[ 2025-03-03 12:02:30,952 ] 50 root - INFO - Exited the save_object method of MainUtils class
[ 2025-03-03 12:02:30,960 ] 33 root - INFO - data Transformation completed
